<?xml version="1.0" encoding="UTF-8"?>
<testsuite xmlns:xsi="http://www.w3.org/2001/XMLSchema-instance" xsi:noNamespaceSchemaLocation="https://maven.apache.org/surefire/maven-surefire-plugin/xsd/surefire-test-report-3.0.xsd" version="3.0" name="TestSuite" time="329.151" tests="19" errors="0" skipped="0" failures="0">
  <properties>
[...]
</properties>
  <testcase name="verifyingLoginWithValidUserNameAndValidPassword[seleniumpanda@gmail.com, Selenium@123](1)" classname="com.tutorialninja.testcases.Login_Test" time="3.383">
    <system-err><![CDATA[SLF4J: Failed to load class "org.slf4j.impl.StaticLoggerBinder".
SLF4J: Defaulting to no-operation (NOP) logger implementation
SLF4J: See http://www.slf4j.org/codes.html#StaticLoggerBinder for further details.
ERROR StatusLogger Log4j2 could not find a logging implementation. Please add log4j-core to the classpath. Using SimpleLogger to log to the console...
]]></system-err>
  </testcase>
  <testcase name="verifyingLoginWithValidUserNameAndValidPassword[seleniumpanda1@gmail.com, Selenium@123](2)" classname="com.tutorialninja.testcases.Login_Test" time="1.701"/>
  <testcase name="verifyingLoginWithValidUserNameAndValidPassword[seleniumpanda2@gmail.com, Selenium@123](3)" classname="com.tutorialninja.testcases.Login_Test" time="1.694"/>
  <testcase name="verifyingLoginWithValidUserNameAndValidPassword[seleniumpanda3@gmail.com, Selenium@123](4)" classname="com.tutorialninja.testcases.Login_Test" time="1.875"/>
  <testcase name="verifyingLoginWithValidUserNameAndValidPassword[seleniumpanda4@gmail.com, Selenium@123](5)" classname="com.tutorialninja.testcases.Login_Test" time="1.813"/>
  <testcase name="verifyingLoginWithValidUserNameAndValidPassword[seleniumpanda5@gmail.com, Selenium@123](6)" classname="com.tutorialninja.testcases.Login_Test" time="1.988"/>
  <testcase name="verifyingLoginWithValidUserNameAndValidPassword[seleniumpanda6@gmail.com, Selenium@123](7)" classname="com.tutorialninja.testcases.Login_Test" time="2.098"/>
  <testcase name="verifyLoginWithInValidUserNameAndValidPassword" classname="com.tutorialninja.testcases.Login_Test" time="1.658"/>
  <testcase name="verifyLoginWithValidUserNameAndInValidPassword" classname="com.tutorialninja.testcases.Login_Test" time="1.622"/>
  <testcase name="verifyLoginWithInValidUserNameAndInValidPassword" classname="com.tutorialninja.testcases.Login_Test" time="2.019"/>
  <testcase name="verifyLoginWithNoUserNameAndNoPassword" classname="com.tutorialninja.testcases.Login_Test" time="1.101"/>
  <testcase name="registerAccountWithRequiredFields" classname="com.tutorialninja.testcases.Register_Test" time="4.261"/>
  <testcase name="registerAccountWithAllFields" classname="com.tutorialninja.testcases.Register_Test" time="4.995"/>
  <testcase name="registerAccountWithNoFields" classname="com.tutorialninja.testcases.Register_Test" time="1.17"/>
  <testcase name="verifyRegisterWithDuplicateUserName" classname="com.tutorialninja.testcases.Register_Test" time="3.088"/>
  <testcase name="searchProductWithValidProduct" classname="com.tutorialninja.testcases.SearchTest" time="1.215"/>
  <testcase name="verifySearchWithInvalidProduct" classname="com.tutorialninja.testcases.SearchTest" time="1.295"/>
  <testcase name="verifySearchWithNoProduct" classname="com.tutorialninja.testcases.SearchTest" time="1.003"/>
  <testcase name="addAValidProductAndCheckOut" classname="com.tutorialninja.testcases.CheckOut_ValidProduct_Test" time="11.821"/>
</testsuite>