<?xml version="1.0" encoding="UTF-8"?>
<testng-results ignored="0" total="19" passed="18" failed="1" skipped="0">
  <reporter-output>
  </reporter-output>
  <suite started-at="2023-11-16T11:24:14 EST" name="Suite" finished-at="2023-11-16T11:29:51 EST" duration-ms="337515">
    <groups>
    </groups>
    <test started-at="2023-11-16T11:24:14 EST" name="Test" finished-at="2023-11-16T11:29:51 EST" duration-ms="337515">
      <class name="com.tutorialninja.testcases.Register_Test">
        <test-method is-config="true" signature="registerSetUp()[pri:0, instance:com.tutorialninja.testcases.Register_Test@117159c0]" started-at="2023-11-16T11:27:35 EST" name="registerSetUp" finished-at="2023-11-16T11:27:48 EST" duration-ms="13162" status="PASS">
          <reporter-output>
          </reporter-output>
        </test-method> <!-- registerSetUp -->
        <test-method signature="registerAccountWithRequiredFields()[pri:1, instance:com.tutorialninja.testcases.Register_Test@117159c0]" started-at="2023-11-16T11:27:48 EST" name="registerAccountWithRequiredFields" finished-at="2023-11-16T11:27:52 EST" duration-ms="4274" status="PASS">
          <reporter-output>
          </reporter-output>
        </test-method> <!-- registerAccountWithRequiredFields -->
        <test-method is-config="true" signature="tearDown()[pri:0, instance:com.tutorialninja.testcases.Register_Test@117159c0]" started-at="2023-11-16T11:27:52 EST" name="tearDown" finished-at="2023-11-16T11:27:53 EST" duration-ms="1006" status="PASS">
          <reporter-output>
          </reporter-output>
        </test-method> <!-- tearDown -->
        <test-method is-config="true" signature="registerSetUp()[pri:0, instance:com.tutorialninja.testcases.Register_Test@117159c0]" started-at="2023-11-16T11:27:53 EST" name="registerSetUp" finished-at="2023-11-16T11:28:08 EST" duration-ms="14514" status="PASS">
          <reporter-output>
          </reporter-output>
        </test-method> <!-- registerSetUp -->
        <test-method signature="registerAccountWithAllFields()[pri:2, instance:com.tutorialninja.testcases.Register_Test@117159c0]" started-at="2023-11-16T11:28:08 EST" name="registerAccountWithAllFields" finished-at="2023-11-16T11:28:12 EST" duration-ms="4507" status="PASS">
          <reporter-output>
          </reporter-output>
        </test-method> <!-- registerAccountWithAllFields -->
        <test-method is-config="true" signature="tearDown()[pri:0, instance:com.tutorialninja.testcases.Register_Test@117159c0]" started-at="2023-11-16T11:28:12 EST" name="tearDown" finished-at="2023-11-16T11:28:14 EST" duration-ms="1787" status="PASS">
          <reporter-output>
          </reporter-output>
        </test-method> <!-- tearDown -->
        <test-method is-config="true" signature="registerSetUp()[pri:0, instance:com.tutorialninja.testcases.Register_Test@117159c0]" started-at="2023-11-16T11:28:14 EST" name="registerSetUp" finished-at="2023-11-16T11:28:30 EST" duration-ms="16417" status="PASS">
          <reporter-output>
          </reporter-output>
        </test-method> <!-- registerSetUp -->
        <test-method signature="registerAccountWithNoFields()[pri:3, instance:com.tutorialninja.testcases.Register_Test@117159c0]" started-at="2023-11-16T11:28:30 EST" name="registerAccountWithNoFields" finished-at="2023-11-16T11:28:31 EST" duration-ms="1049" status="PASS">
          <reporter-output>
          </reporter-output>
        </test-method> <!-- registerAccountWithNoFields -->
        <test-method is-config="true" signature="tearDown()[pri:0, instance:com.tutorialninja.testcases.Register_Test@117159c0]" started-at="2023-11-16T11:28:31 EST" name="tearDown" finished-at="2023-11-16T11:28:33 EST" duration-ms="1737" status="PASS">
          <reporter-output>
          </reporter-output>
        </test-method> <!-- tearDown -->
        <test-method is-config="true" signature="registerSetUp()[pri:0, instance:com.tutorialninja.testcases.Register_Test@117159c0]" started-at="2023-11-16T11:28:33 EST" name="registerSetUp" finished-at="2023-11-16T11:28:46 EST" duration-ms="12871" status="PASS">
          <reporter-output>
          </reporter-output>
        </test-method> <!-- registerSetUp -->
        <test-method signature="verifyRegisterWithDuplicateUserName()[pri:4, instance:com.tutorialninja.testcases.Register_Test@117159c0]" started-at="2023-11-16T11:28:46 EST" name="verifyRegisterWithDuplicateUserName" finished-at="2023-11-16T11:28:49 EST" duration-ms="2986" status="PASS">
          <reporter-output>
          </reporter-output>
        </test-method> <!-- verifyRegisterWithDuplicateUserName -->
        <test-method is-config="true" signature="tearDown()[pri:0, instance:com.tutorialninja.testcases.Register_Test@117159c0]" started-at="2023-11-16T11:28:49 EST" name="tearDown" finished-at="2023-11-16T11:28:50 EST" duration-ms="725" status="PASS">
          <reporter-output>
          </reporter-output>
        </test-method> <!-- tearDown -->
      </class> <!-- com.tutorialninja.testcases.Register_Test -->
      <class name="com.tutorialninja.testcases.CheckOut_ValidProduct_Test">
        <test-method is-config="true" signature="check_ValidProduct_setUP()[pri:0, instance:com.tutorialninja.testcases.CheckOut_ValidProduct_Test@7ef82753]" started-at="2023-11-16T11:29:34 EST" name="check_ValidProduct_setUP" finished-at="2023-11-16T11:29:48 EST" duration-ms="14049" status="PASS">
          <reporter-output>
          </reporter-output>
        </test-method> <!-- check_ValidProduct_setUP -->
        <test-method signature="addAValidProductAndCheckOut()[pri:1, instance:com.tutorialninja.testcases.CheckOut_ValidProduct_Test@7ef82753]" started-at="2023-11-16T11:29:48 EST" name="addAValidProductAndCheckOut" finished-at="2023-11-16T11:29:50 EST" duration-ms="1870" status="FAIL">
          <exception class="org.openqa.selenium.StaleElementReferenceException">
            <message>
              <![CDATA[stale element reference: stale element not found
  (Session info: chrome=119.0.6045.159)
For documentation on this error, please visit: https://www.selenium.dev/documentation/webdriver/troubleshooting/errors#stale-element-reference-exception
Build info: version: '4.15.0', revision: '1d14b5521b'
System info: os.name: 'Windows 10', os.arch: 'amd64', os.version: '10.0', java.version: '17.0.7'
Driver info: org.openqa.selenium.chrome.ChromeDriver
Command: [6c9766a4d6f8f15201f2720698601370, clickElement {id=D9C6920B658AA1208FF28E2554A2BB07_element_105}]
Capabilities {acceptInsecureCerts: false, browserName: chrome, browserVersion: 119.0.6045.159, chrome: {chromedriverVersion: 119.0.6045.105 (38c72552c5e..., userDataDir: C:\Users\LENOVO\AppData\Loc...}, fedcm:accounts: true, goog:chromeOptions: {debuggerAddress: localhost:62500}, networkConnectionEnabled: false, pageLoadStrategy: eager, platformName: windows, proxy: Proxy(), se:cdp: ws://localhost:62500/devtoo..., se:cdpVersion: 119.0.6045.159, setWindowRect: true, strictFileInteractability: false, timeouts: {implicit: 0, pageLoad: 300000, script: 30000}, unhandledPromptBehavior: dismiss and notify, webauthn:extension:credBlob: true, webauthn:extension:largeBlob: true, webauthn:extension:minPinLength: true, webauthn:extension:prf: true, webauthn:virtualAuthenticators: true}
Element: [[ChromeDriver: chrome on windows (6c9766a4d6f8f15201f2720698601370)] -> xpath: //strong[normalize-space()='View Cart']]
Session ID: 6c9766a4d6f8f15201f2720698601370]]>
            </message>
            <full-stacktrace>
              <![CDATA[org.openqa.selenium.StaleElementReferenceException: stale element reference: stale element not found
  (Session info: chrome=119.0.6045.159)
For documentation on this error, please visit: https://www.selenium.dev/documentation/webdriver/troubleshooting/errors#stale-element-reference-exception
Build info: version: '4.15.0', revision: '1d14b5521b'
System info: os.name: 'Windows 10', os.arch: 'amd64', os.version: '10.0', java.version: '17.0.7'
Driver info: org.openqa.selenium.chrome.ChromeDriver
Command: [6c9766a4d6f8f15201f2720698601370, clickElement {id=D9C6920B658AA1208FF28E2554A2BB07_element_105}]
Capabilities {acceptInsecureCerts: false, browserName: chrome, browserVersion: 119.0.6045.159, chrome: {chromedriverVersion: 119.0.6045.105 (38c72552c5e..., userDataDir: C:\Users\LENOVO\AppData\Loc...}, fedcm:accounts: true, goog:chromeOptions: {debuggerAddress: localhost:62500}, networkConnectionEnabled: false, pageLoadStrategy: eager, platformName: windows, proxy: Proxy(), se:cdp: ws://localhost:62500/devtoo..., se:cdpVersion: 119.0.6045.159, setWindowRect: true, strictFileInteractability: false, timeouts: {implicit: 0, pageLoad: 300000, script: 30000}, unhandledPromptBehavior: dismiss and notify, webauthn:extension:credBlob: true, webauthn:extension:largeBlob: true, webauthn:extension:minPinLength: true, webauthn:extension:prf: true, webauthn:virtualAuthenticators: true}
Element: [[ChromeDriver: chrome on windows (6c9766a4d6f8f15201f2720698601370)] -> xpath: //strong[normalize-space()='View Cart']]
Session ID: 6c9766a4d6f8f15201f2720698601370
at java.base/jdk.internal.reflect.NativeConstructorAccessorImpl.newInstance0(Native Method)
at java.base/jdk.internal.reflect.NativeConstructorAccessorImpl.newInstance(NativeConstructorAccessorImpl.java:77)
at java.base/jdk.internal.reflect.DelegatingConstructorAccessorImpl.newInstance(DelegatingConstructorAccessorImpl.java:45)
at java.base/java.lang.reflect.Constructor.newInstanceWithCaller(Constructor.java:499)
at java.base/java.lang.reflect.Constructor.newInstance(Constructor.java:480)
at org.openqa.selenium.remote.codec.w3c.W3CHttpResponseCodec.createException(W3CHttpResponseCodec.java:200)
at org.openqa.selenium.remote.codec.w3c.W3CHttpResponseCodec.decode(W3CHttpResponseCodec.java:133)
at org.openqa.selenium.remote.codec.w3c.W3CHttpResponseCodec.decode(W3CHttpResponseCodec.java:52)
at org.openqa.selenium.remote.HttpCommandExecutor.execute(HttpCommandExecutor.java:191)
at org.openqa.selenium.remote.service.DriverCommandExecutor.invokeExecute(DriverCommandExecutor.java:200)
at org.openqa.selenium.remote.service.DriverCommandExecutor.execute(DriverCommandExecutor.java:175)
at org.openqa.selenium.remote.RemoteWebDriver.execute(RemoteWebDriver.java:607)
at org.openqa.selenium.remote.RemoteWebElement.execute(RemoteWebElement.java:224)
at org.openqa.selenium.remote.RemoteWebElement.click(RemoteWebElement.java:77)
at jdk.internal.reflect.GeneratedMethodAccessor1.invoke(Unknown Source)
at java.base/jdk.internal.reflect.DelegatingMethodAccessorImpl.invoke(DelegatingMethodAccessorImpl.java:43)
at java.base/java.lang.reflect.Method.invoke(Method.java:568)
at org.openqa.selenium.support.pagefactory.internal.LocatingElementHandler.invoke(LocatingElementHandler.java:51)
at jdk.proxy2/jdk.proxy2.$Proxy15.click(Unknown Source)
at com.qa.tutorialsninja.Pages.SearchPage.clickItemsAndOpenCart(SearchPage.java:74)
at com.tutorialninja.testcases.CheckOut_ValidProduct_Test.addAValidProductAndCheckOut(CheckOut_ValidProduct_Test.java:61)
at java.base/jdk.internal.reflect.NativeMethodAccessorImpl.invoke0(Native Method)
at java.base/jdk.internal.reflect.NativeMethodAccessorImpl.invoke(NativeMethodAccessorImpl.java:77)
at java.base/jdk.internal.reflect.DelegatingMethodAccessorImpl.invoke(DelegatingMethodAccessorImpl.java:43)
at java.base/java.lang.reflect.Method.invoke(Method.java:568)
at org.testng.internal.invokers.MethodInvocationHelper.invokeMethod(MethodInvocationHelper.java:139)
at org.testng.internal.invokers.TestInvoker.invokeMethod(TestInvoker.java:664)
at org.testng.internal.invokers.TestInvoker.invokeTestMethod(TestInvoker.java:227)
at org.testng.internal.invokers.MethodRunner.runInSequence(MethodRunner.java:50)
at org.testng.internal.invokers.TestInvoker$MethodInvocationAgent.invoke(TestInvoker.java:957)
at org.testng.internal.invokers.TestInvoker.invokeTestMethods(TestInvoker.java:200)
at org.testng.internal.invokers.TestMethodWorker.invokeTestMethods(TestMethodWorker.java:148)
at org.testng.internal.invokers.TestMethodWorker.run(TestMethodWorker.java:128)
at java.base/java.util.ArrayList.forEach(ArrayList.java:1511)
at org.testng.TestRunner.privateRun(TestRunner.java:848)
at org.testng.TestRunner.run(TestRunner.java:621)
at org.testng.SuiteRunner.runTest(SuiteRunner.java:443)
at org.testng.SuiteRunner.runSequentially(SuiteRunner.java:437)
at org.testng.SuiteRunner.privateRun(SuiteRunner.java:397)
at org.testng.SuiteRunner.run(SuiteRunner.java:336)
at org.testng.SuiteRunnerWorker.runSuite(SuiteRunnerWorker.java:52)
at org.testng.SuiteRunnerWorker.run(SuiteRunnerWorker.java:95)
at org.testng.TestNG.runSuitesSequentially(TestNG.java:1280)
at org.testng.TestNG.runSuitesLocally(TestNG.java:1200)
at org.testng.TestNG.runSuites(TestNG.java:1114)
at org.testng.TestNG.run(TestNG.java:1082)
at org.testng.remote.AbstractRemoteTestNG.run(AbstractRemoteTestNG.java:115)
at org.testng.remote.RemoteTestNG.initAndRun(RemoteTestNG.java:251)
at org.testng.remote.RemoteTestNG.main(RemoteTestNG.java:77)
]]>
            </full-stacktrace>
          </exception> <!-- org.openqa.selenium.StaleElementReferenceException -->
          <reporter-output>
          </reporter-output>
        </test-method> <!-- addAValidProductAndCheckOut -->
        <test-method is-config="true" signature="closer()[pri:0, instance:com.tutorialninja.testcases.CheckOut_ValidProduct_Test@7ef82753]" started-at="2023-11-16T11:29:50 EST" name="closer" finished-at="2023-11-16T11:29:51 EST" duration-ms="1141" status="PASS">
          <reporter-output>
          </reporter-output>
        </test-method> <!-- closer -->
      </class> <!-- com.tutorialninja.testcases.CheckOut_ValidProduct_Test -->
      <class name="com.tutorialninja.testcases.Login_Test">
        <test-method is-config="true" signature="loginSetUp()[pri:0, instance:com.tutorialninja.testcases.Login_Test@6c1a5b54]" started-at="2023-11-16T11:24:21 EST" name="loginSetUp" finished-at="2023-11-16T11:24:47 EST" duration-ms="25627" status="PASS">
          <reporter-output>
          </reporter-output>
        </test-method> <!-- loginSetUp -->
        <test-method signature="verifyingLoginWithValidUserNameAndValidPassword(java.lang.String,java.lang.String)[pri:1, instance:com.tutorialninja.testcases.Login_Test@6c1a5b54]" started-at="2023-11-16T11:24:47 EST" name="verifyingLoginWithValidUserNameAndValidPassword" data-provider="TN" finished-at="2023-11-16T11:24:50 EST" duration-ms="3426" status="PASS">
          <params>
            <param index="0">
              <value>
                <![CDATA[seleniumpanda@gmail.com]]>
              </value>
            </param>
            <param index="1">
              <value>
                <![CDATA[Selenium@123]]>
              </value>
            </param>
          </params>
          <reporter-output>
          </reporter-output>
        </test-method> <!-- verifyingLoginWithValidUserNameAndValidPassword -->
        <test-method is-config="true" signature="closer()[pri:0, instance:com.tutorialninja.testcases.Login_Test@6c1a5b54]" started-at="2023-11-16T11:24:50 EST" name="closer" finished-at="2023-11-16T11:24:51 EST" duration-ms="881" status="PASS">
          <reporter-output>
          </reporter-output>
        </test-method> <!-- closer -->
        <test-method is-config="true" signature="loginSetUp()[pri:0, instance:com.tutorialninja.testcases.Login_Test@6c1a5b54]" started-at="2023-11-16T11:24:51 EST" name="loginSetUp" finished-at="2023-11-16T11:25:03 EST" duration-ms="12471" status="PASS">
          <reporter-output>
          </reporter-output>
        </test-method> <!-- loginSetUp -->
        <test-method signature="verifyingLoginWithValidUserNameAndValidPassword(java.lang.String,java.lang.String)[pri:1, instance:com.tutorialninja.testcases.Login_Test@6c1a5b54]" started-at="2023-11-16T11:25:03 EST" name="verifyingLoginWithValidUserNameAndValidPassword" data-provider="TN" finished-at="2023-11-16T11:25:05 EST" duration-ms="1794" status="PASS">
          <params>
            <param index="0">
              <value>
                <![CDATA[seleniumpanda1@gmail.com]]>
              </value>
            </param>
            <param index="1">
              <value>
                <![CDATA[Selenium@123]]>
              </value>
            </param>
          </params>
          <reporter-output>
          </reporter-output>
        </test-method> <!-- verifyingLoginWithValidUserNameAndValidPassword -->
        <test-method is-config="true" signature="closer()[pri:0, instance:com.tutorialninja.testcases.Login_Test@6c1a5b54]" started-at="2023-11-16T11:25:05 EST" name="closer" finished-at="2023-11-16T11:25:07 EST" duration-ms="1822" status="PASS">
          <reporter-output>
          </reporter-output>
        </test-method> <!-- closer -->
        <test-method is-config="true" signature="loginSetUp()[pri:0, instance:com.tutorialninja.testcases.Login_Test@6c1a5b54]" started-at="2023-11-16T11:25:07 EST" name="loginSetUp" finished-at="2023-11-16T11:25:20 EST" duration-ms="13144" status="PASS">
          <reporter-output>
          </reporter-output>
        </test-method> <!-- loginSetUp -->
        <test-method signature="verifyingLoginWithValidUserNameAndValidPassword(java.lang.String,java.lang.String)[pri:1, instance:com.tutorialninja.testcases.Login_Test@6c1a5b54]" started-at="2023-11-16T11:25:20 EST" name="verifyingLoginWithValidUserNameAndValidPassword" data-provider="TN" finished-at="2023-11-16T11:25:23 EST" duration-ms="2431" status="PASS">
          <params>
            <param index="0">
              <value>
                <![CDATA[seleniumpanda2@gmail.com]]>
              </value>
            </param>
            <param index="1">
              <value>
                <![CDATA[Selenium@123]]>
              </value>
            </param>
          </params>
          <reporter-output>
          </reporter-output>
        </test-method> <!-- verifyingLoginWithValidUserNameAndValidPassword -->
        <test-method is-config="true" signature="closer()[pri:0, instance:com.tutorialninja.testcases.Login_Test@6c1a5b54]" started-at="2023-11-16T11:25:23 EST" name="closer" finished-at="2023-11-16T11:25:23 EST" duration-ms="823" status="PASS">
          <reporter-output>
          </reporter-output>
        </test-method> <!-- closer -->
        <test-method is-config="true" signature="loginSetUp()[pri:0, instance:com.tutorialninja.testcases.Login_Test@6c1a5b54]" started-at="2023-11-16T11:25:23 EST" name="loginSetUp" finished-at="2023-11-16T11:25:34 EST" duration-ms="10313" status="PASS">
          <reporter-output>
          </reporter-output>
        </test-method> <!-- loginSetUp -->
        <test-method signature="verifyingLoginWithValidUserNameAndValidPassword(java.lang.String,java.lang.String)[pri:1, instance:com.tutorialninja.testcases.Login_Test@6c1a5b54]" started-at="2023-11-16T11:25:34 EST" name="verifyingLoginWithValidUserNameAndValidPassword" data-provider="TN" finished-at="2023-11-16T11:25:36 EST" duration-ms="1876" status="PASS">
          <params>
            <param index="0">
              <value>
                <![CDATA[seleniumpanda3@gmail.com]]>
              </value>
            </param>
            <param index="1">
              <value>
                <![CDATA[Selenium@123]]>
              </value>
            </param>
          </params>
          <reporter-output>
          </reporter-output>
        </test-method> <!-- verifyingLoginWithValidUserNameAndValidPassword -->
        <test-method is-config="true" signature="closer()[pri:0, instance:com.tutorialninja.testcases.Login_Test@6c1a5b54]" started-at="2023-11-16T11:25:36 EST" name="closer" finished-at="2023-11-16T11:25:36 EST" duration-ms="646" status="PASS">
          <reporter-output>
          </reporter-output>
        </test-method> <!-- closer -->
        <test-method is-config="true" signature="loginSetUp()[pri:0, instance:com.tutorialninja.testcases.Login_Test@6c1a5b54]" started-at="2023-11-16T11:25:36 EST" name="loginSetUp" finished-at="2023-11-16T11:25:47 EST" duration-ms="10217" status="PASS">
          <reporter-output>
          </reporter-output>
        </test-method> <!-- loginSetUp -->
        <test-method signature="verifyingLoginWithValidUserNameAndValidPassword(java.lang.String,java.lang.String)[pri:1, instance:com.tutorialninja.testcases.Login_Test@6c1a5b54]" started-at="2023-11-16T11:25:47 EST" name="verifyingLoginWithValidUserNameAndValidPassword" data-provider="TN" finished-at="2023-11-16T11:25:49 EST" duration-ms="2913" status="PASS">
          <params>
            <param index="0">
              <value>
                <![CDATA[seleniumpanda4@gmail.com]]>
              </value>
            </param>
            <param index="1">
              <value>
                <![CDATA[Selenium@123]]>
              </value>
            </param>
          </params>
          <reporter-output>
          </reporter-output>
        </test-method> <!-- verifyingLoginWithValidUserNameAndValidPassword -->
        <test-method is-config="true" signature="closer()[pri:0, instance:com.tutorialninja.testcases.Login_Test@6c1a5b54]" started-at="2023-11-16T11:25:49 EST" name="closer" finished-at="2023-11-16T11:25:50 EST" duration-ms="695" status="PASS">
          <reporter-output>
          </reporter-output>
        </test-method> <!-- closer -->
        <test-method is-config="true" signature="loginSetUp()[pri:0, instance:com.tutorialninja.testcases.Login_Test@6c1a5b54]" started-at="2023-11-16T11:25:50 EST" name="loginSetUp" finished-at="2023-11-16T11:26:00 EST" duration-ms="9383" status="PASS">
          <reporter-output>
          </reporter-output>
        </test-method> <!-- loginSetUp -->
        <test-method signature="verifyingLoginWithValidUserNameAndValidPassword(java.lang.String,java.lang.String)[pri:1, instance:com.tutorialninja.testcases.Login_Test@6c1a5b54]" started-at="2023-11-16T11:26:00 EST" name="verifyingLoginWithValidUserNameAndValidPassword" data-provider="TN" finished-at="2023-11-16T11:26:01 EST" duration-ms="1654" status="PASS">
          <params>
            <param index="0">
              <value>
                <![CDATA[seleniumpanda5@gmail.com]]>
              </value>
            </param>
            <param index="1">
              <value>
                <![CDATA[Selenium@123]]>
              </value>
            </param>
          </params>
          <reporter-output>
          </reporter-output>
        </test-method> <!-- verifyingLoginWithValidUserNameAndValidPassword -->
        <test-method is-config="true" signature="closer()[pri:0, instance:com.tutorialninja.testcases.Login_Test@6c1a5b54]" started-at="2023-11-16T11:26:01 EST" name="closer" finished-at="2023-11-16T11:26:02 EST" duration-ms="973" status="PASS">
          <reporter-output>
          </reporter-output>
        </test-method> <!-- closer -->
        <test-method is-config="true" signature="loginSetUp()[pri:0, instance:com.tutorialninja.testcases.Login_Test@6c1a5b54]" started-at="2023-11-16T11:26:02 EST" name="loginSetUp" finished-at="2023-11-16T11:26:17 EST" duration-ms="15130" status="PASS">
          <reporter-output>
          </reporter-output>
        </test-method> <!-- loginSetUp -->
        <test-method signature="verifyingLoginWithValidUserNameAndValidPassword(java.lang.String,java.lang.String)[pri:1, instance:com.tutorialninja.testcases.Login_Test@6c1a5b54]" started-at="2023-11-16T11:26:17 EST" name="verifyingLoginWithValidUserNameAndValidPassword" data-provider="TN" finished-at="2023-11-16T11:26:20 EST" duration-ms="2650" status="PASS">
          <params>
            <param index="0">
              <value>
                <![CDATA[seleniumpanda6@gmail.com]]>
              </value>
            </param>
            <param index="1">
              <value>
                <![CDATA[Selenium@123]]>
              </value>
            </param>
          </params>
          <reporter-output>
          </reporter-output>
        </test-method> <!-- verifyingLoginWithValidUserNameAndValidPassword -->
        <test-method is-config="true" signature="closer()[pri:0, instance:com.tutorialninja.testcases.Login_Test@6c1a5b54]" started-at="2023-11-16T11:26:20 EST" name="closer" finished-at="2023-11-16T11:26:24 EST" duration-ms="4493" status="PASS">
          <reporter-output>
          </reporter-output>
        </test-method> <!-- closer -->
        <test-method is-config="true" signature="loginSetUp()[pri:0, instance:com.tutorialninja.testcases.Login_Test@6c1a5b54]" started-at="2023-11-16T11:26:24 EST" name="loginSetUp" finished-at="2023-11-16T11:26:39 EST" duration-ms="14451" status="PASS">
          <reporter-output>
          </reporter-output>
        </test-method> <!-- loginSetUp -->
        <test-method signature="verifyLoginWithInValidUserNameAndValidPassword()[pri:2, instance:com.tutorialninja.testcases.Login_Test@6c1a5b54]" started-at="2023-11-16T11:26:39 EST" name="verifyLoginWithInValidUserNameAndValidPassword" finished-at="2023-11-16T11:26:40 EST" duration-ms="1572" status="PASS">
          <reporter-output>
          </reporter-output>
        </test-method> <!-- verifyLoginWithInValidUserNameAndValidPassword -->
        <test-method is-config="true" signature="closer()[pri:0, instance:com.tutorialninja.testcases.Login_Test@6c1a5b54]" started-at="2023-11-16T11:26:40 EST" name="closer" finished-at="2023-11-16T11:26:42 EST" duration-ms="1157" status="PASS">
          <reporter-output>
          </reporter-output>
        </test-method> <!-- closer -->
        <test-method is-config="true" signature="loginSetUp()[pri:0, instance:com.tutorialninja.testcases.Login_Test@6c1a5b54]" started-at="2023-11-16T11:26:42 EST" name="loginSetUp" finished-at="2023-11-16T11:26:54 EST" duration-ms="12551" status="PASS">
          <reporter-output>
          </reporter-output>
        </test-method> <!-- loginSetUp -->
        <test-method signature="verifyLoginWithValidUserNameAndInValidPassword()[pri:3, instance:com.tutorialninja.testcases.Login_Test@6c1a5b54]" started-at="2023-11-16T11:26:54 EST" name="verifyLoginWithValidUserNameAndInValidPassword" finished-at="2023-11-16T11:26:56 EST" duration-ms="1521" status="PASS">
          <reporter-output>
          </reporter-output>
        </test-method> <!-- verifyLoginWithValidUserNameAndInValidPassword -->
        <test-method is-config="true" signature="closer()[pri:0, instance:com.tutorialninja.testcases.Login_Test@6c1a5b54]" started-at="2023-11-16T11:26:56 EST" name="closer" finished-at="2023-11-16T11:26:57 EST" duration-ms="1220" status="PASS">
          <reporter-output>
          </reporter-output>
        </test-method> <!-- closer -->
        <test-method is-config="true" signature="loginSetUp()[pri:0, instance:com.tutorialninja.testcases.Login_Test@6c1a5b54]" started-at="2023-11-16T11:26:57 EST" name="loginSetUp" finished-at="2023-11-16T11:27:13 EST" duration-ms="16021" status="PASS">
          <reporter-output>
          </reporter-output>
        </test-method> <!-- loginSetUp -->
        <test-method signature="verifyLoginWithInValidUserNameAndInValidPassword()[pri:4, instance:com.tutorialninja.testcases.Login_Test@6c1a5b54]" started-at="2023-11-16T11:27:13 EST" name="verifyLoginWithInValidUserNameAndInValidPassword" finished-at="2023-11-16T11:27:15 EST" duration-ms="2369" status="PASS">
          <reporter-output>
          </reporter-output>
        </test-method> <!-- verifyLoginWithInValidUserNameAndInValidPassword -->
        <test-method is-config="true" signature="closer()[pri:0, instance:com.tutorialninja.testcases.Login_Test@6c1a5b54]" started-at="2023-11-16T11:27:15 EST" name="closer" finished-at="2023-11-16T11:27:19 EST" duration-ms="3987" status="PASS">
          <reporter-output>
          </reporter-output>
        </test-method> <!-- closer -->
        <test-method is-config="true" signature="loginSetUp()[pri:0, instance:com.tutorialninja.testcases.Login_Test@6c1a5b54]" started-at="2023-11-16T11:27:19 EST" name="loginSetUp" finished-at="2023-11-16T11:27:33 EST" duration-ms="13987" status="PASS">
          <reporter-output>
          </reporter-output>
        </test-method> <!-- loginSetUp -->
        <test-method signature="verifyLoginWithNoUserNameAndNoPassword()[pri:5, instance:com.tutorialninja.testcases.Login_Test@6c1a5b54]" started-at="2023-11-16T11:27:33 EST" name="verifyLoginWithNoUserNameAndNoPassword" finished-at="2023-11-16T11:27:34 EST" duration-ms="731" status="PASS">
          <reporter-output>
          </reporter-output>
        </test-method> <!-- verifyLoginWithNoUserNameAndNoPassword -->
        <test-method is-config="true" signature="closer()[pri:0, instance:com.tutorialninja.testcases.Login_Test@6c1a5b54]" started-at="2023-11-16T11:27:34 EST" name="closer" finished-at="2023-11-16T11:27:35 EST" duration-ms="649" status="PASS">
          <reporter-output>
          </reporter-output>
        </test-method> <!-- closer -->
      </class> <!-- com.tutorialninja.testcases.Login_Test -->
      <class name="com.tutorialninja.testcases.SearchTest">
        <test-method is-config="true" signature="Search_Product_setUP()[pri:0, instance:com.tutorialninja.testcases.SearchTest@3e27ba32]" started-at="2023-11-16T11:28:50 EST" name="Search_Product_setUP" finished-at="2023-11-16T11:29:02 EST" duration-ms="12231" status="PASS">
          <reporter-output>
          </reporter-output>
        </test-method> <!-- Search_Product_setUP -->
        <test-method signature="searchProductWithValidProduct()[pri:1, instance:com.tutorialninja.testcases.SearchTest@3e27ba32]" started-at="2023-11-16T11:29:02 EST" name="searchProductWithValidProduct" finished-at="2023-11-16T11:29:04 EST" duration-ms="2157" status="PASS">
          <reporter-output>
          </reporter-output>
        </test-method> <!-- searchProductWithValidProduct -->
        <test-method is-config="true" signature="tearDown()[pri:0, instance:com.tutorialninja.testcases.SearchTest@3e27ba32]" started-at="2023-11-16T11:29:04 EST" name="tearDown" finished-at="2023-11-16T11:29:06 EST" duration-ms="1699" status="PASS">
          <reporter-output>
          </reporter-output>
        </test-method> <!-- tearDown -->
        <test-method is-config="true" signature="Search_Product_setUP()[pri:0, instance:com.tutorialninja.testcases.SearchTest@3e27ba32]" started-at="2023-11-16T11:29:06 EST" name="Search_Product_setUP" finished-at="2023-11-16T11:29:18 EST" duration-ms="12397" status="PASS">
          <reporter-output>
          </reporter-output>
        </test-method> <!-- Search_Product_setUP -->
        <test-method signature="verifySearchWithInvalidProduct()[pri:2, instance:com.tutorialninja.testcases.SearchTest@3e27ba32]" started-at="2023-11-16T11:29:18 EST" name="verifySearchWithInvalidProduct" finished-at="2023-11-16T11:29:20 EST" duration-ms="1748" status="PASS">
          <reporter-output>
          </reporter-output>
        </test-method> <!-- verifySearchWithInvalidProduct -->
        <test-method is-config="true" signature="tearDown()[pri:0, instance:com.tutorialninja.testcases.SearchTest@3e27ba32]" started-at="2023-11-16T11:29:20 EST" name="tearDown" finished-at="2023-11-16T11:29:21 EST" duration-ms="901" status="PASS">
          <reporter-output>
          </reporter-output>
        </test-method> <!-- tearDown -->
        <test-method is-config="true" signature="Search_Product_setUP()[pri:0, instance:com.tutorialninja.testcases.SearchTest@3e27ba32]" started-at="2023-11-16T11:29:21 EST" name="Search_Product_setUP" finished-at="2023-11-16T11:29:31 EST" duration-ms="10331" status="PASS">
          <reporter-output>
          </reporter-output>
        </test-method> <!-- Search_Product_setUP -->
        <test-method signature="verifySearchWithNoProduct()[pri:3, instance:com.tutorialninja.testcases.SearchTest@3e27ba32]" started-at="2023-11-16T11:29:31 EST" name="verifySearchWithNoProduct" finished-at="2023-11-16T11:29:33 EST" duration-ms="1659" status="PASS">
          <reporter-output>
          </reporter-output>
        </test-method> <!-- verifySearchWithNoProduct -->
        <test-method is-config="true" signature="tearDown()[pri:0, instance:com.tutorialninja.testcases.SearchTest@3e27ba32]" started-at="2023-11-16T11:29:33 EST" name="tearDown" finished-at="2023-11-16T11:29:34 EST" duration-ms="833" status="PASS">
          <reporter-output>
          </reporter-output>
        </test-method> <!-- tearDown -->
      </class> <!-- com.tutorialninja.testcases.SearchTest -->
    </test> <!-- Test -->
  </suite> <!-- Suite -->
</testng-results>
